<?xml version="1.0" encoding="UTF-8"?>
<!-- Generated by org.testng.reporters.JUnitReportReporter -->
<testsuite hostname="DESKTOP-UUGSSKP" failures="0" tests="1" name="com.empdataapi.base.EmpBaseTest" time="0.004" errors="0" timestamp="2020-05-06T14:06:59 EDT" skipped="0">
  <testcase classname="com.empdataapi.base.EmpBaseTest" name="printoutput" time="0.004"/>
  <system-out/>
</testsuite> <!-- com.empdataapi.base.EmpBaseTest -->
