<?xml version="1.0" encoding="UTF-8"?>
<!-- Generated by org.testng.reporters.JUnitReportReporter -->
<testsuite hostname="DESKTOP-UUGSSKP" failures="0" tests="2" name="com.empdataapi.testcases.TC3_Create_New_Employee" time="101.438" errors="0" timestamp="2020-05-12T03:54:59 EDT" skipped="0">
  <testcase classname="com.empdataapi.testcases.TC3_Create_New_Employee" name="postEmployee" time="50.589"/>
  <system-out/>
  <testcase classname="com.empdataapi.testcases.TC3_Create_New_Employee" name="postEmployee" time="50.849"/>
  <system-out/>
</testsuite> <!-- com.empdataapi.testcases.TC3_Create_New_Employee -->
