<?xml version="1.0" encoding="UTF-8"?>
<!-- Generated by org.testng.reporters.JUnitReportReporter -->
<testsuite hostname="DESKTOP-UUGSSKP" failures="0" tests="8" name="com.empdataapi.testcases.TC2_Get_Single_Employee_Data" time="398.256" errors="1" timestamp="2020-05-12T03:54:59 EDT" skipped="0">
  <testcase classname="com.empdataapi.testcases.TC2_Get_Single_Employee_Data" name="getEmployee" time="56.379"/>
  <system-out/>
  <testcase classname="com.empdataapi.testcases.TC2_Get_Single_Employee_Data" name="getEmployee" time="55.596"/>
  <system-out/>
  <testcase classname="com.empdataapi.testcases.TC2_Get_Single_Employee_Data" name="getEmployee" time="55.906"/>
  <system-out/>
  <testcase classname="com.empdataapi.testcases.TC2_Get_Single_Employee_Data" name="getEmployee" time="55.925"/>
  <system-out/>
  <testcase classname="com.empdataapi.testcases.TC2_Get_Single_Employee_Data" name="getEmployee" time="5.878">
    <error type="java.lang.NullPointerException">
      <![CDATA[java.lang.NullPointerException
at com.empdataapi.testcases.TC2_Get_Single_Employee_Data.checkResponseBody(TC2_Get_Single_Employee_Data.java:63)
at com.empdataapi.testcases.TC2_Get_Single_Employee_Data.callMethods(TC2_Get_Single_Employee_Data.java:46)
at com.empdataapi.testcases.TC2_Get_Single_Employee_Data.getEmployee(TC2_Get_Single_Employee_Data.java:41)
at java.base/jdk.internal.reflect.NativeMethodAccessorImpl.invoke0(Native Method)
at java.base/jdk.internal.reflect.NativeMethodAccessorImpl.invoke(NativeMethodAccessorImpl.java:62)
at java.base/jdk.internal.reflect.DelegatingMethodAccessorImpl.invoke(DelegatingMethodAccessorImpl.java:43)
at java.base/java.lang.reflect.Method.invoke(Method.java:567)
at org.testng.internal.MethodInvocationHelper.invokeMethod(MethodInvocationHelper.java:134)
at org.testng.internal.TestInvoker.invokeMethod(TestInvoker.java:597)
at org.testng.internal.TestInvoker.invokeTestMethod(TestInvoker.java:173)
at org.testng.internal.MethodRunner.runInSequence(MethodRunner.java:46)
at org.testng.internal.TestInvoker$MethodInvocationAgent.invoke(TestInvoker.java:816)
at org.testng.internal.TestInvoker.invokeTestMethods(TestInvoker.java:146)
at org.testng.internal.TestMethodWorker.invokeTestMethods(TestMethodWorker.java:146)
at org.testng.internal.TestMethodWorker.run(TestMethodWorker.java:128)
at java.base/java.util.ArrayList.forEach(ArrayList.java:1507)
at org.testng.TestRunner.privateRun(TestRunner.java:766)
at org.testng.TestRunner.run(TestRunner.java:587)
at org.testng.SuiteRunner.runTest(SuiteRunner.java:384)
at org.testng.SuiteRunner.runSequentially(SuiteRunner.java:378)
at org.testng.SuiteRunner.privateRun(SuiteRunner.java:337)
at org.testng.SuiteRunner.run(SuiteRunner.java:286)
at org.testng.SuiteRunnerWorker.runSuite(SuiteRunnerWorker.java:53)
at org.testng.SuiteRunnerWorker.run(SuiteRunnerWorker.java:96)
at org.testng.TestNG.runSuitesSequentially(TestNG.java:1187)
at org.testng.TestNG.runSuitesLocally(TestNG.java:1109)
at org.testng.TestNG.runSuites(TestNG.java:1039)
at org.testng.TestNG.run(TestNG.java:1007)
at org.testng.remote.AbstractRemoteTestNG.run(AbstractRemoteTestNG.java:115)
at org.testng.remote.RemoteTestNG.initAndRun(RemoteTestNG.java:251)
at org.testng.remote.RemoteTestNG.main(RemoteTestNG.java:77)
]]>
    </error>
  </testcase> <!-- getEmployee -->
  <system-out/>
  <testcase classname="com.empdataapi.testcases.TC2_Get_Single_Employee_Data" name="getEmployee" time="57.092"/>
  <system-out/>
  <testcase classname="com.empdataapi.testcases.TC2_Get_Single_Employee_Data" name="getEmployee" time="55.834"/>
  <system-out/>
  <testcase classname="com.empdataapi.testcases.TC2_Get_Single_Employee_Data" name="getEmployee" time="55.646"/>
  <system-out/>
</testsuite> <!-- com.empdataapi.testcases.TC2_Get_Single_Employee_Data -->
