<?xml version="1.0" encoding="UTF-8"?>
<!-- Generated by org.testng.reporters.JUnitReportReporter -->
<testsuite hostname="DESKTOP-UUGSSKP" failures="0" tests="7" name="com.empdataapi.testcases.TC1_Get_All_Employee_Data" time="35.033" errors="0" timestamp="2020-05-09T10:01:09 EDT" skipped="0">
  <testcase classname="com.empdataapi.testcases.TC1_Get_All_Employee_Data" name="checkResponseBody" time="5.023"/>
  <system-out/>
  <testcase classname="com.empdataapi.testcases.TC1_Get_All_Employee_Data" name="checkStatusCode" time="5.002"/>
  <system-out/>
  <testcase classname="com.empdataapi.testcases.TC1_Get_All_Employee_Data" name="checkStatusLine" time="5.001"/>
  <system-out/>
  <testcase classname="com.empdataapi.testcases.TC1_Get_All_Employee_Data" name="checkContentType" time="5.001"/>
  <system-out/>
  <testcase classname="com.empdataapi.testcases.TC1_Get_All_Employee_Data" name="checkServerType" time="5.003"/>
  <system-out/>
  <testcase classname="com.empdataapi.testcases.TC1_Get_All_Employee_Data" name="checkContentEncoding" time="5.001"/>
  <system-out/>
  <testcase classname="com.empdataapi.testcases.TC1_Get_All_Employee_Data" name="checkContentLength" time="5.002"/>
  <system-out/>
</testsuite> <!-- com.empdataapi.testcases.TC1_Get_All_Employee_Data -->
